21:22:52: Creating resource group General
21:22:52: Creating resource group Internal
21:22:52: Creating resource group Autodetect
21:22:52: SceneManagerFactory for type 'DefaultSceneManager' registered.
21:22:52: Registering ResourceManager for type Material
21:22:52: Registering ResourceManager for type Mesh
21:22:52: Registering ResourceManager for type Skeleton
21:22:52: MovableObjectFactory for type 'ParticleSystem' registered.
21:22:52: OverlayElementFactory for type Panel registered.
21:22:52: OverlayElementFactory for type BorderPanel registered.
21:22:52: OverlayElementFactory for type TextArea registered.
21:22:52: Registering ResourceManager for type Font
21:22:52: ArchiveFactory for archive type FileSystem registered.
21:22:52: ArchiveFactory for archive type Zip registered.
21:22:52: ArchiveFactory for archive type EmbeddedZip registered.
21:22:52: DDS codec registering
21:22:52: FreeImage version: 3.13.1
21:22:52: This program uses FreeImage, a free, open source image library supporting all common bitmap formats. See http://freeimage.sourceforge.net for details
21:22:52: Supported formats: bmp,ico,jpg,jif,jpeg,jpe,jng,koa,iff,lbm,mng,pbm,pbm,pcd,pcx,pgm,pgm,png,ppm,ppm,ras,tga,targa,tif,tiff,wap,wbmp,wbm,psd,cut,xbm,xpm,gif,hdr,g3,sgi,exr,j2k,j2c,jp2,pfm,pct,pict,pic,bay,bmq,cr2,crw,cs1,dc2,dcr,dng,erf,fff,hdr,k25,kdc,mdc,mos,mrw,nef,orf,pef,pxn,raf,raw,rdc,sr2,srf,arw,3fr,cine,ia,kc2,mef,nrw,qtk,rw2,sti,drf,dsc,ptx,cap,iiq,rwz
21:22:52: Registering ResourceManager for type HighLevelGpuProgram
21:22:52: Registering ResourceManager for type Compositor
21:22:52: MovableObjectFactory for type 'Entity' registered.
21:22:52: MovableObjectFactory for type 'Light' registered.
21:22:52: MovableObjectFactory for type 'BillboardSet' registered.
21:22:52: MovableObjectFactory for type 'ManualObject' registered.
21:22:52: MovableObjectFactory for type 'BillboardChain' registered.
21:22:52: MovableObjectFactory for type 'RibbonTrail' registered.
21:22:52: *-*-* OGRE Initialising
21:22:52: *-*-* Version 1.8.1 (Byatis)
21:22:52: SceneManagerFactory for type 'SceneManagerEx' registered.
21:22:52: Loading library RenderSystem_Direct3D9
21:22:52: Installing plugin: D3D9 RenderSystem
21:22:52: D3D9 : Direct3D9 Rendering Subsystem created.
21:22:52: D3D9: Driver Detection Starts
21:22:52: D3D9: Driver Detection Ends
21:22:52: Plugin successfully installed
21:22:52: CPU Identifier & Features
21:22:52: -------------------------
21:22:52:  *   CPU ID: GenuineIntel: Intel(R) Core(TM) i5-3470 CPU @ 3.20GHz
21:22:52:  *      SSE: yes
21:22:52:  *     SSE2: yes
21:22:52:  *     SSE3: yes
21:22:52:  *      MMX: yes
21:22:52:  *   MMXEXT: yes
21:22:52:  *    3DNOW: no
21:22:52:  * 3DNOWEXT: no
21:22:52:  *     CMOV: yes
21:22:52:  *      TSC: yes
21:22:52:  *      FPU: yes
21:22:52:  *      PRO: yes
21:22:52:  *       HT: no
21:22:52: -------------------------
21:22:52: D3D9 : Subsystem Initialising
21:22:52: Registering ResourceManager for type Texture
21:22:52: Registering ResourceManager for type GpuProgram
21:22:52: ***************************************
21:22:52: *** D3D9 : Subsystem Initialised OK ***
21:22:52: ***************************************
21:22:52: D3D9RenderSystem::_createRenderWindow "AllBlue", 1366x700 windowed  miscParams: FSAA=0 appHeight=700 appIcon=gfx.ico appIsFullScreen=false appTitle=AllBlue appWidth=1366 depthBuffer=true externalWindowHandle=68552 frameWork=true gamma=false log=AllBlue.log useNVPerfHUD=true vsync=false 
21:22:52: D3D9 : Created D3D9 Rendering Window 'AllBlue' : 1366x700, 32bpp
21:22:52: D3D9 : WARNING - disabling VSync in windowed mode can cause timing issues at lower frame rates, turn VSync on if you observe this problem.
21:22:52: D3D9: Vertex texture format supported - PF_FLOAT16_RGB
21:22:52: D3D9: Vertex texture format supported - PF_FLOAT16_RGBA
21:22:52: D3D9: Vertex texture format supported - PF_FLOAT32_RGB
21:22:52: D3D9: Vertex texture format supported - PF_FLOAT32_RGBA
21:22:52: D3D9: Vertex texture format supported - PF_FLOAT16_R
21:22:52: D3D9: Vertex texture format supported - PF_FLOAT32_R
21:22:52: D3D9: Vertex texture format supported - PF_FLOAT16_GR
21:22:52: D3D9: Vertex texture format supported - PF_FLOAT32_GR
21:22:52: RenderSystem capabilities
21:22:52: -------------------------
21:22:52: RenderSystem Name: Direct3D9 Rendering Subsystem
21:22:52: GPU Vendor: nvidia
21:22:52: Device Name: Monitor-1-NVIDIA GeForce 8600 GT
21:22:52: Driver Version: 9.18.13.2018
21:22:52:  * Fixed function pipeline: yes
21:22:52:  * Hardware generation of mipmaps: yes
21:22:52:  * Texture blending: yes
21:22:52:  * Anisotropic texture filtering: yes
21:22:52:  * Dot product texture operation: yes
21:22:52:  * Cube mapping: yes
21:22:52:  * Hardware stencil buffer: yes
21:22:52:    - Stencil depth: 8
21:22:52:    - Two sided stencil support: yes
21:22:52:    - Wrap stencil values: yes
21:22:52:  * Hardware vertex / index buffers: yes
21:22:52:  * Vertex programs: yes
21:22:52:  * Number of floating-point constants for vertex programs: 256
21:22:52:  * Number of integer constants for vertex programs: 16
21:22:52:  * Number of boolean constants for vertex programs: 16
21:22:52:  * Fragment programs: yes
21:22:52:  * Number of floating-point constants for fragment programs: 224
21:22:52:  * Number of integer constants for fragment programs: 16
21:22:52:  * Number of boolean constants for fragment programs: 16
21:22:52:  * Geometry programs: no
21:22:52:  * Number of floating-point constants for geometry programs: 0
21:22:52:  * Number of integer constants for geometry programs: 0
21:22:52:  * Number of boolean constants for geometry programs: 0
21:22:52:  * Supported Shader Profiles: hlsl ps_1_1 ps_1_2 ps_1_3 ps_1_4 ps_2_0 ps_2_a ps_2_b ps_2_x ps_3_0 vs_1_1 vs_2_0 vs_2_a vs_2_x vs_3_0
21:22:52:  * Texture Compression: yes
21:22:52:    - DXT: yes
21:22:52:    - VTC: no
21:22:52:    - PVRTC: no
21:22:52:  * Scissor Rectangle: yes
21:22:52:  * Hardware Occlusion Query: yes
21:22:52:  * User clip planes: yes
21:22:52:  * VET_UBYTE4 vertex element type: yes
21:22:52:  * Infinite far plane projection: yes
21:22:52:  * Hardware render-to-texture: yes
21:22:52:  * Floating point textures: yes
21:22:52:  * Non-power-of-two textures: yes
21:22:52:  * Volume textures: yes
21:22:52:  * Multiple Render Targets: 4
21:22:52:    - With different bit depths: yes
21:22:52:  * Point Sprites: yes
21:22:52:  * Extended point parameters: yes
21:22:52:  * Max Point Size: 8192
21:22:52:  * Vertex texture fetch: yes
21:22:52:  * Number of world matrices: 0
21:22:52:  * Number of texture units: 8
21:22:52:  * Stencil buffer depth: 8
21:22:52:  * Number of vertex blend matrices: 0
21:22:52:    - Max vertex textures: 4
21:22:52:    - Vertex textures shared: no
21:22:52:  * Render to Vertex Buffer : no
21:22:52:  * DirectX per stage constants: yes
21:22:52: DefaultWorkQueue('Root') initialising on thread main.
21:22:52: Particle Renderer Type 'billboard' registered
21:22:53: D3D9 : WARNING - disabling VSync in windowed mode can cause timing issues at lower frame rates, turn VSync on if you observe this problem.
21:22:53: OGRE EXCEPTION(6:FileNotFoundException): 'resources.cfg' file not found! in ConfigFile::load at .\src\OgreConfigFile.cpp (line 88)
